<?xml version="1.0" encoding="UTF-8"?>
<!-- Generated by org.testng.reporters.JUnitReportReporter -->
<testsuite hostname="DESKTOP-HE12FRR" failures="0" tests="1" name="com.TestNg1.Parameter1" time="0.012" errors="0" timestamp="2021-05-08T13:08:44 IST" skipped="0">
  <testcase classname="com.TestNg1.Parameter1" name="credentials" time="0.012"/>
  <system-out/>
</testsuite> <!-- com.TestNg1.Parameter1 -->
