<?xml version="1.0" encoding="UTF-8"?>
<!-- Generated by org.testng.reporters.JUnitReportReporter -->
<testsuite hostname="DESKTOP-HE12FRR" failures="0" tests="3" name="com.TestNg1.Data_Provider1" time="0.011" errors="0" timestamp="2021-05-08T13:24:03 IST" skipped="0">
  <testcase classname="com.TestNg1.Data_Provider1" name="credentials" time="0.009"/>
  <system-out/>
  <testcase classname="com.TestNg1.Data_Provider1" name="credentials" time="0.001"/>
  <system-out/>
  <testcase classname="com.TestNg1.Data_Provider1" name="credentials" time="0.001"/>
  <system-out/>
</testsuite> <!-- com.TestNg1.Data_Provider1 -->
