<?xml version="1.0" encoding="UTF-8"?>
<!-- Generated by org.testng.reporters.JUnitReportReporter -->
<testsuite hostname="DESKTOP-HE12FRR" failures="0" tests="3" name="com.TestNg1.Grouping1" time="0.018" errors="0" timestamp="2021-05-08T13:44:07 IST" skipped="0">
  <testcase classname="com.TestNg1.Grouping1" name="books" time="0.013"/>
  <system-out/>
  <testcase classname="com.TestNg1.Grouping1" name="facebook" time="0.003"/>
  <system-out/>
  <testcase classname="com.TestNg1.Grouping1" name="whatsapp" time="0.002"/>
  <system-out/>
</testsuite> <!-- com.TestNg1.Grouping1 -->
