<?xml version="1.0" encoding="UTF-8"?>
<!-- Generated by org.testng.reporters.JUnitReportReporter -->
<testsuite hostname="DESKTOP-HE12FRR" failures="0" tests="2" name="com.TestNg1.Simple_Annotation1" time="0.010" errors="0" timestamp="2021-05-07T14:27:20 IST" skipped="1">
  <testcase classname="com.TestNg1.Simple_Annotation1" name="earphone" time="0.010"/>
  <system-out/>
  <testcase classname="com.TestNg1.Simple_Annotation1" name="laptop">
    <skipped/>
  </testcase> <!-- laptop -->
  <system-out/>
</testsuite> <!-- com.TestNg1.Simple_Annotation1 -->
